# JRE version: Java(TM) SE Runtime Environment (14.0.2+12) (build 14.0.2+12-46)
# Java VM: Java HotSpot(TM) 64-Bit Server VM (14.0.2+12-46, mixed mode, sharing, tiered, compressed oops, g1 gc, windows-amd64)
Heap:
 garbage-first heap   total 138240K, used 13153K [0x0000000091000000, 0x0000000100000000)
  region size 1024K, 6 young (6144K), 6 survivors (6144K)
 Metaspace       used 20261K, capacity 21163K, committed 21296K, reserved 1071104K
  class space    used 2796K, capacity 3164K, committed 3200K, reserved 1048576K
GC Heap History (9 events):
Event: 0.846 GC heap before
{Heap before GC invocations=0 (full 0):
 garbage-first heap   total 114688K, used 23552K [0x0000000091000000, 0x0000000100000000)
  region size 1024K, 23 young (23552K), 0 survivors (0K)
 Metaspace       used 6561K, capacity 6885K, committed 7168K, reserved 1056768K
  class space    used 822K, capacity 925K, committed 1024K, reserved 1048576K
}
Event: 0.855 GC heap after
{Heap after GC invocations=1 (full 0):
 garbage-first heap   total 114688K, used 7056K [0x0000000091000000, 0x0000000100000000)
  region size 1024K, 3 young (3072K), 3 survivors (3072K)
 Metaspace       used 6561K, capacity 6885K, committed 7168K, reserved 1056768K
  class space    used 822K, capacity 925K, committed 1024K, reserved 1048576K
}
Event: 1.259 GC heap before
{Heap before GC invocations=1 (full 0):
 garbage-first heap   total 114688K, used 28560K [0x0000000091000000, 0x0000000100000000)
  region size 1024K, 24 young (24576K), 3 survivors (3072K)
 Metaspace       used 10400K, capacity 10945K, committed 11136K, reserved 1058816K
  class space    used 1441K, capacity 1631K, committed 1664K, reserved 1048576K
}
Event: 1.264 GC heap after
{Heap after GC invocations=2 (full 0):
 garbage-first heap   total 114688K, used 9251K [0x0000000091000000, 0x0000000100000000)
  region size 1024K, 2 young (2048K), 2 survivors (2048K)
 Metaspace       used 10400K, capacity 10945K, committed 11136K, reserved 1058816K
  class space    used 1441K, capacity 1631K, committed 1664K, reserved 1048576K
}
Event: 1.651 GC heap before
{Heap before GC invocations=2 (full 0):
 garbage-first heap   total 114688K, used 50211K [0x0000000091000000, 0x0000000100000000)
  region size 1024K, 43 young (44032K), 2 survivors (2048K)
 Metaspace       used 15342K, capacity 16031K, committed 16256K, reserved 1062912K
  class space    used 2069K, capacity 2309K, committed 2432K, reserved 1048576K
}
Event: 1.656 GC heap after
{Heap after GC invocations=3 (full 0):
 garbage-first heap   total 114688K, used 10713K [0x0000000091000000, 0x0000000100000000)
  region size 1024K, 3 young (3072K), 3 survivors (3072K)
 Metaspace       used 15342K, capacity 16031K, committed 16256K, reserved 1062912K
  class space    used 2069K, capacity 2309K, committed 2432K, reserved 1048576K
}
Event: 2.135 GC heap before
{Heap before GC invocations=3 (full 0):
 garbage-first heap   total 114688K, used 75225K [0x0000000091000000, 0x0000000100000000)
  region size 1024K, 67 young (68608K), 3 survivors (3072K)
 Metaspace       used 18218K, capacity 19062K, committed 19200K, reserved 1064960K
  class space    used 2489K, capacity 2805K, committed 2816K, reserved 1048576K
}
Event: 2.143 GC heap after
{Heap after GC invocations=4 (full 0):
 garbage-first heap   total 114688K, used 12408K [0x0000000091000000, 0x0000000100000000)
  region size 1024K, 5 young (5120K), 5 survivors (5120K)
 Metaspace       used 18218K, capacity 19062K, committed 19200K, reserved 1064960K
  class space    used 2489K, capacity 2805K, committed 2816K, reserved 1048576K
}
Event: 2.394 GC heap before
{Heap before GC invocations=4 (full 0):
 garbage-first heap   total 114688K, used 31864K [0x0000000091000000, 0x0000000100000000)
  region size 1024K, 25 young (25600K), 5 survivors (5120K)
 Metaspace       used 20261K, capacity 21163K, committed 21296K, reserved 1071104K
  class space    used 2796K, capacity 3164K, committed 3200K, reserved 1048576K
}

